[11:25:57.387] Global cache location 'C:/Users/Acer/AppData/Local/Microsoft/TypeScript/4.3', safe file path 'c:/users/acer/appdata/roaming/.emacs.d/.cache/lsp/npm/typescript/node_modules/typescript/lib/typingsafelist.json', types map path c:/users/acer/appdata/roaming/.emacs.d/.cache/lsp/npm/typescript/node_modules/typescript/lib/typesmap.json
[11:25:57.389] Processing cache location 'C:/Users/Acer/AppData/Local/Microsoft/TypeScript/4.3'
[11:25:57.390] Trying to find 'C:/Users/Acer/AppData/Local/Microsoft/TypeScript/4.3/package.json'...
[11:25:57.391] Loaded content of 'C:/Users/Acer/AppData/Local/Microsoft/TypeScript/4.3/package.json': {"private":true,"dependencies":{"types-registry":"^0.1.556"},"devDependencies":{"@types/buffer-crc32":"^0.2.0","@types/buffer-from":"^1.1.0","@types/core-js":"^2.5.4","@types/detect-node":"^2.0.0","@types/duplexer3":"^0.1.1"}}
[11:25:57.392] Loaded content of 'C:/Users/Acer/AppData/Local/Microsoft/TypeScript/4.3/package-lock.json'
[11:25:57.405] Adding entry into typings cache: 'buffer-crc32' => 'C:/Users/Acer/AppData/Local/Microsoft/TypeScript/4.3/node_modules/@types/buffer-crc32/index.d.ts'
[11:25:57.412] Adding entry into typings cache: 'buffer-from' => 'C:/Users/Acer/AppData/Local/Microsoft/TypeScript/4.3/node_modules/@types/buffer-from/index.d.ts'
[11:25:57.416] Adding entry into typings cache: 'core-js' => 'C:/Users/Acer/AppData/Local/Microsoft/TypeScript/4.3/node_modules/@types/core-js/index.d.ts'
[11:25:57.422] Adding entry into typings cache: 'detect-node' => 'C:/Users/Acer/AppData/Local/Microsoft/TypeScript/4.3/node_modules/@types/detect-node/index.d.ts'
[11:25:57.426] Adding entry into typings cache: 'duplexer3' => 'C:/Users/Acer/AppData/Local/Microsoft/TypeScript/4.3/node_modules/@types/duplexer3/index.d.ts'
[11:25:57.427] Finished processing cache location 'C:/Users/Acer/AppData/Local/Microsoft/TypeScript/4.3'
[11:25:57.427] Process id: 9872
[11:25:57.428] NPM location: C:\NodeJS\npm (explicit '--npmLocation' not  provided)
[11:25:57.428] validateDefaultNpmLocation: false
[11:25:57.428] Npm config file: C:/Users/Acer/AppData/Local/Microsoft/TypeScript/4.3/package.json
[11:25:57.429] Updating types-registry npm package...
[11:25:57.429] Exec: C:\NodeJS\npm install --ignore-scripts types-registry@latest
[11:25:59.942]     Succeeded. stdout:
    + types-registry@0.1.556
    updated 1 package and audited 7 packages in 1.192s
found 0 vulnerabilities


[11:25:59.942] Updated types-registry npm package
[11:25:59.964] Got install request {"projectName":"/dev/null/inferredProject1*","fileNames":["c:/Users/Acer/AppData/Roaming/.emacs.d/.cache/lsp/npm/typescript/node_modules/typescript/lib/lib.es5.d.ts","c:/Users/Acer/AppData/Roaming/.emacs.d/.cache/lsp/npm/typescript/node_modules/typescript/lib/lib.es2015.d.ts","c:/Users/Acer/AppData/Roaming/.emacs.d/.cache/lsp/npm/typescript/node_modules/typescript/lib/lib.es2016.d.ts","c:/Users/Acer/AppData/Roaming/.emacs.d/.cache/lsp/npm/typescript/node_modules/typescript/lib/lib.dom.d.ts","c:/Users/Acer/AppData/Roaming/.emacs.d/.cache/lsp/npm/typescript/node_modules/typescript/lib/lib.dom.iterable.d.ts","c:/Users/Acer/AppData/Roaming/.emacs.d/.cache/lsp/npm/typescript/node_modules/typescript/lib/lib.webworker.importscripts.d.ts","c:/Users/Acer/AppData/Roaming/.emacs.d/.cache/lsp/npm/typescript/node_modules/typescript/lib/lib.scripthost.d.ts","c:/Users/Acer/AppData/Roaming/.emacs.d/.cache/lsp/npm/typescript/node_modules/typescript/lib/lib.es2015.core.d.ts","c:/Users/Acer/AppData/Roaming/.emacs.d/.cache/lsp/npm/typescript/node_modules/typescript/lib/lib.es2015.collection.d.ts","c:/Users/Acer/AppData/Roaming/.emacs.d/.cache/lsp/npm/typescript/node_modules/typescript/lib/lib.es2015.generator.d.ts","c:/Users/Acer/AppData/Roaming/.emacs.d/.cache/lsp/npm/typescript/node_modules/typescript/lib/lib.es2015.iterable.d.ts","c:/Users/Acer/AppData/Roaming/.emacs.d/.cache/lsp/npm/typescript/node_modules/typescript/lib/lib.es2015.promise.d.ts","c:/Users/Acer/AppData/Roaming/.emacs.d/.cache/lsp/npm/typescript/node_modules/typescript/lib/lib.es2015.proxy.d.ts","c:/Users/Acer/AppData/Roaming/.emacs.d/.cache/lsp/npm/typescript/node_modules/typescript/lib/lib.es2015.reflect.d.ts","c:/Users/Acer/AppData/Roaming/.emacs.d/.cache/lsp/npm/typescript/node_modules/typescript/lib/lib.es2015.symbol.d.ts","c:/Users/Acer/AppData/Roaming/.emacs.d/.cache/lsp/npm/typescript/node_modules/typescript/lib/lib.es2015.symbol.wellknown.d.ts","c:/Users/Acer/AppData/Roaming/.emacs.d/.cache/lsp/npm/typescript/node_modules/typescript/lib/lib.es2016.array.include.d.ts","c:/Users/Acer/AppData/Roaming/.emacs.d/.cache/lsp/npm/typescript/node_modules/typescript/lib/lib.es2016.full.d.ts","c:/Code/qinpel/source/index.js"],"compilerOptions":{"module":1,"target":3,"jsx":1,"allowJs":true,"allowSyntheticDefaultImports":true,"allowNonTsExtensions":true,"noEmitForJsFiles":true,"maxNodeModuleJsDepth":2},"typeAcquisition":{"enable":true,"include":[],"exclude":[]},"unresolvedImports":[],"projectRootPath":"c:/Code/qinpel/source","kind":"discover"}
[11:25:59.978] Loaded safelist from types map file 'c:/users/acer/appdata/roaming/.emacs.d/.cache/lsp/npm/typescript/node_modules/typescript/lib/typesmap.json'
[11:25:59.980] Explicitly included types: []
[11:25:59.981] Inferred typings from unresolved imports: []
[11:25:59.981] Result: {"cachedTypingPaths":[],"newTypingNames":[],"filesToWatch":["c:/Code/qinpel/source/bower_components","c:/Code/qinpel/source/node_modules"]}
[11:25:59.982] Finished typings discovery: {"cachedTypingPaths":[],"newTypingNames":[],"filesToWatch":["c:/Code/qinpel/source/bower_components","c:/Code/qinpel/source/node_modules"]}
[11:25:59.982] DirectoryWatcher:: Added:: WatchInfo: c:/Code/qinpel/source/bower_components
[11:25:59.983] DirectoryWatcher:: Added:: WatchInfo: c:/Code/qinpel/source/bower_components 1 undefined Project: /dev/null/inferredProject1* watcher already invoked: false
[11:25:59.985] Elapsed:: 2.202500104904175ms DirectoryWatcher:: Added:: WatchInfo: c:/Code/qinpel/source/bower_components 1 undefined Project: /dev/null/inferredProject1* watcher already invoked: false
[11:25:59.986] DirectoryWatcher:: Added:: WatchInfo: c:/Code/qinpel/source/node_modules
[11:25:59.986] DirectoryWatcher:: Added:: WatchInfo: c:/Code/qinpel/source/node_modules 1 undefined Project: /dev/null/inferredProject1* watcher already invoked: false
[11:25:59.986] Elapsed:: 0.17880010604858398ms DirectoryWatcher:: Added:: WatchInfo: c:/Code/qinpel/source/node_modules 1 undefined Project: /dev/null/inferredProject1* watcher already invoked: false
[11:25:59.987] Sending response:
    {"projectName":"/dev/null/inferredProject1*","typeAcquisition":{"enable":true,"include":[],"exclude":[]},"compilerOptions":{"module":1,"target":3,"jsx":1,"allowJs":true,"allowSyntheticDefaultImports":true,"allowNonTsExtensions":true,"noEmitForJsFiles":true,"maxNodeModuleJsDepth":2},"typings":[],"unresolvedImports":[],"kind":"action::set"}
[11:25:59.987] Response has been sent.
[11:25:59.988] No new typings were requested as a result of typings discovery
[11:31:21.440] Got install request {"projectName":"/dev/null/inferredProject1*","fileNames":["c:/Users/Acer/AppData/Roaming/.emacs.d/.cache/lsp/npm/typescript/node_modules/typescript/lib/lib.es5.d.ts","c:/Users/Acer/AppData/Roaming/.emacs.d/.cache/lsp/npm/typescript/node_modules/typescript/lib/lib.es2015.d.ts","c:/Users/Acer/AppData/Roaming/.emacs.d/.cache/lsp/npm/typescript/node_modules/typescript/lib/lib.es2016.d.ts","c:/Users/Acer/AppData/Roaming/.emacs.d/.cache/lsp/npm/typescript/node_modules/typescript/lib/lib.dom.d.ts","c:/Users/Acer/AppData/Roaming/.emacs.d/.cache/lsp/npm/typescript/node_modules/typescript/lib/lib.dom.iterable.d.ts","c:/Users/Acer/AppData/Roaming/.emacs.d/.cache/lsp/npm/typescript/node_modules/typescript/lib/lib.webworker.importscripts.d.ts","c:/Users/Acer/AppData/Roaming/.emacs.d/.cache/lsp/npm/typescript/node_modules/typescript/lib/lib.scripthost.d.ts","c:/Users/Acer/AppData/Roaming/.emacs.d/.cache/lsp/npm/typescript/node_modules/typescript/lib/lib.es2015.core.d.ts","c:/Users/Acer/AppData/Roaming/.emacs.d/.cache/lsp/npm/typescript/node_modules/typescript/lib/lib.es2015.collection.d.ts","c:/Users/Acer/AppData/Roaming/.emacs.d/.cache/lsp/npm/typescript/node_modules/typescript/lib/lib.es2015.generator.d.ts","c:/Users/Acer/AppData/Roaming/.emacs.d/.cache/lsp/npm/typescript/node_modules/typescript/lib/lib.es2015.iterable.d.ts","c:/Users/Acer/AppData/Roaming/.emacs.d/.cache/lsp/npm/typescript/node_modules/typescript/lib/lib.es2015.promise.d.ts","c:/Users/Acer/AppData/Roaming/.emacs.d/.cache/lsp/npm/typescript/node_modules/typescript/lib/lib.es2015.proxy.d.ts","c:/Users/Acer/AppData/Roaming/.emacs.d/.cache/lsp/npm/typescript/node_modules/typescript/lib/lib.es2015.reflect.d.ts","c:/Users/Acer/AppData/Roaming/.emacs.d/.cache/lsp/npm/typescript/node_modules/typescript/lib/lib.es2015.symbol.d.ts","c:/Users/Acer/AppData/Roaming/.emacs.d/.cache/lsp/npm/typescript/node_modules/typescript/lib/lib.es2015.symbol.wellknown.d.ts","c:/Users/Acer/AppData/Roaming/.emacs.d/.cache/lsp/npm/typescript/node_modules/typescript/lib/lib.es2016.array.include.d.ts","c:/Users/Acer/AppData/Roaming/.emacs.d/.cache/lsp/npm/typescript/node_modules/typescript/lib/lib.es2016.full.d.ts","c:/Code/qinpel/source/index.js"],"compilerOptions":{"module":1,"target":3,"jsx":1,"allowJs":true,"allowSyntheticDefaultImports":true,"allowNonTsExtensions":true,"noEmitForJsFiles":true,"maxNodeModuleJsDepth":2},"typeAcquisition":{"enable":true,"include":[],"exclude":[]},"projectRootPath":"c:/Code/qinpel/source","kind":"discover"}
[11:31:21.441] Explicitly included types: []
[11:31:21.442] Result: {"cachedTypingPaths":[],"newTypingNames":[],"filesToWatch":["c:/Code/qinpel/source/bower_components","c:/Code/qinpel/source/node_modules"]}
[11:31:21.442] Finished typings discovery: {"cachedTypingPaths":[],"newTypingNames":[],"filesToWatch":["c:/Code/qinpel/source/bower_components","c:/Code/qinpel/source/node_modules"]}
[11:31:21.442] Sending response:
    {"projectName":"/dev/null/inferredProject1*","typeAcquisition":{"enable":true,"include":[],"exclude":[]},"compilerOptions":{"module":1,"target":3,"jsx":1,"allowJs":true,"allowSyntheticDefaultImports":true,"allowNonTsExtensions":true,"noEmitForJsFiles":true,"maxNodeModuleJsDepth":2},"typings":[],"kind":"action::set"}
[11:31:21.443] Response has been sent.
[11:31:21.443] No new typings were requested as a result of typings discovery
